[INFO] Scanning for projects...
[INFO] 
[INFO] ---------------------< testgroupid:testartifactid >---------------------
[INFO] Building testartifactid 1.0-SNAPSHOT
[INFO] --------------------------------[ jar ]---------------------------------
[INFO] 
[INFO] --- maven-resources-plugin:3.0.2:resources (default-resources) @ testartifactid ---
[INFO] Using 'UTF-8' encoding to copy filtered resources.
[INFO] skip non existing resourceDirectory /home/baldvin/maven_plugin_execution/01-following-the-doc/testartifactid/src/main/resources
[INFO] 
[INFO] --- maven-compiler-plugin:3.8.0:compile (default-compile) @ testartifactid ---
[INFO] Changes detected - recompiling the module!
[INFO] Compiling 1 source file to /home/baldvin/maven_plugin_execution/01-following-the-doc/testartifactid/target/classes
[INFO] -------------------------------------------------------------
[ERROR] COMPILATION ERROR : 
[INFO] -------------------------------------------------------------
[ERROR] /home/baldvin/maven_plugin_execution/01-following-the-doc/testartifactid/src/main/java/testpackage/App.java:[3,26] package anothertestpackage does not exist
[ERROR] /home/baldvin/maven_plugin_execution/01-following-the-doc/testartifactid/src/main/java/testpackage/App.java:[13,9] cannot find symbol
  symbol:   class GeneratedSomething
  location: class testpackage.App
[ERROR] /home/baldvin/maven_plugin_execution/01-following-the-doc/testartifactid/src/main/java/testpackage/App.java:[13,37] cannot find symbol
  symbol:   class GeneratedSomething
  location: class testpackage.App
[INFO] 3 errors 
[INFO] -------------------------------------------------------------
[INFO] ------------------------------------------------------------------------
[INFO] BUILD FAILURE
[INFO] ------------------------------------------------------------------------
[INFO] Total time:  0.614 s
[INFO] Finished at: 2021-04-19T22:19:53+02:00
[INFO] ------------------------------------------------------------------------
[ERROR] Failed to execute goal org.apache.maven.plugins:maven-compiler-plugin:3.8.0:compile (default-compile) on project testartifactid: Compilation failure: Compilation failure: 
[ERROR] /home/baldvin/maven_plugin_execution/01-following-the-doc/testartifactid/src/main/java/testpackage/App.java:[3,26] package anothertestpackage does not exist
[ERROR] /home/baldvin/maven_plugin_execution/01-following-the-doc/testartifactid/src/main/java/testpackage/App.java:[13,9] cannot find symbol
[ERROR]   symbol:   class GeneratedSomething
[ERROR]   location: class testpackage.App
[ERROR] /home/baldvin/maven_plugin_execution/01-following-the-doc/testartifactid/src/main/java/testpackage/App.java:[13,37] cannot find symbol
[ERROR]   symbol:   class GeneratedSomething
[ERROR]   location: class testpackage.App
[ERROR] -> [Help 1]
[ERROR] 
[ERROR] To see the full stack trace of the errors, re-run Maven with the -e switch.
[ERROR] Re-run Maven using the -X switch to enable full debug logging.
[ERROR] 
[ERROR] For more information about the errors and possible solutions, please read the following articles:
[ERROR] [Help 1] http://cwiki.apache.org/confluence/display/MAVEN/MojoFailureException
